<?xml version="1.0" encoding="UTF-8"?>
<!-- Generated by org.testng.reporters.JUnitXMLReporter -->
<testsuite ignored="0" hostname="Venkatesh" failures="0" tests="8" name="Test3" time="12.203" errors="0" timestamp="2024-04-22T18:58:59 IST">
  <testcase classname="abcdefg.aprilpractiveframewrok.Registration" name="@BeforeMethod setup" time="11.999">
    <failure type="org.openqa.selenium.NoSuchWindowException" message="no such window: target window already closed
from unknown error: web view not found
  (Session info: MicrosoftEdge=124.0.2478.51)
Build info: version: &amp;apos;4.17.0&amp;apos;, revision: &amp;apos;e52b1be057*&amp;apos;
System info: os.name: &amp;apos;Windows 11&amp;apos;, os.arch: &amp;apos;amd64&amp;apos;, os.version: &amp;apos;10.0&amp;apos;, java.version: &amp;apos;17.0.7&amp;apos;
Driver info: org.openqa.selenium.edge.EdgeDriver
Command: [e45d78eb70a240bb282bffb19fda7713, findElement {using=xpath, value=//a[text()=&amp;apos;Register&amp;apos;]}]
Capabilities {acceptInsecureCerts: false, browserName: MicrosoftEdge, browserVersion: 124.0.2478.51, fedcm:accounts: true, ms:edgeOptions: {debuggerAddress: localhost:50474}, msedge: {msedgedriverVersion: 124.0.2478.51 (e23a9b7d0a14..., userDataDir: C:\Users\venky\AppData\Loca...}, networkConnectionEnabled: false, pageLoadStrategy: normal, platformName: windows, proxy: Proxy(), se:cdp: ws://localhost:50474/devtoo..., se:cdpVersion: 124.0.2478.51, setWindowRect: true, strictFileInteractability: false, timeouts: {implicit: 0, pageLoad: 300000, script: 30000}, unhandledPromptBehavior: dismiss and notify, webauthn:extension:credBlob: true, webauthn:extension:largeBlob: true, webauthn:extension:minPinLength: true, webauthn:extension:prf: true, webauthn:virtualAuthenticators: true}
Session ID: e45d78eb70a240bb282bffb19fda7713">
      <![CDATA[org.openqa.selenium.NoSuchWindowException: no such window: target window already closed
from unknown error: web view not found
  (Session info: MicrosoftEdge=124.0.2478.51)
Build info: version: '4.17.0', revision: 'e52b1be057*'
System info: os.name: 'Windows 11', os.arch: 'amd64', os.version: '10.0', java.version: '17.0.7'
Driver info: org.openqa.selenium.edge.EdgeDriver
Command: [e45d78eb70a240bb282bffb19fda7713, findElement {using=xpath, value=//a[text()='Register']}]
Capabilities {acceptInsecureCerts: false, browserName: MicrosoftEdge, browserVersion: 124.0.2478.51, fedcm:accounts: true, ms:edgeOptions: {debuggerAddress: localhost:50474}, msedge: {msedgedriverVersion: 124.0.2478.51 (e23a9b7d0a14..., userDataDir: C:\Users\venky\AppData\Loca...}, networkConnectionEnabled: false, pageLoadStrategy: normal, platformName: windows, proxy: Proxy(), se:cdp: ws://localhost:50474/devtoo..., se:cdpVersion: 124.0.2478.51, setWindowRect: true, strictFileInteractability: false, timeouts: {implicit: 0, pageLoad: 300000, script: 30000}, unhandledPromptBehavior: dismiss and notify, webauthn:extension:credBlob: true, webauthn:extension:largeBlob: true, webauthn:extension:minPinLength: true, webauthn:extension:prf: true, webauthn:virtualAuthenticators: true}
Session ID: e45d78eb70a240bb282bffb19fda7713
at org.openqa.selenium.remote.codec.w3c.W3CHttpResponseCodec.createException(W3CHttpResponseCodec.java:185)
at org.openqa.selenium.remote.codec.w3c.W3CHttpResponseCodec.decode(W3CHttpResponseCodec.java:134)
at org.openqa.selenium.remote.codec.w3c.W3CHttpResponseCodec.decode(W3CHttpResponseCodec.java:51)
at org.openqa.selenium.remote.HttpCommandExecutor.execute(HttpCommandExecutor.java:190)
at org.openqa.selenium.remote.service.DriverCommandExecutor.invokeExecute(DriverCommandExecutor.java:216)
at org.openqa.selenium.remote.service.DriverCommandExecutor.execute(DriverCommandExecutor.java:174)
at org.openqa.selenium.remote.RemoteWebDriver.execute(RemoteWebDriver.java:519)
at org.openqa.selenium.remote.ElementLocation$ElementFinder$2.findElement(ElementLocation.java:165)
at org.openqa.selenium.remote.ElementLocation.findElement(ElementLocation.java:59)
at org.openqa.selenium.remote.RemoteWebDriver.findElement(RemoteWebDriver.java:356)
at org.openqa.selenium.remote.RemoteWebDriver.findElement(RemoteWebDriver.java:350)
at abcdefg.aprilpractiveframewrok.Registration.setup(Registration.java:45)
at java.base/java.util.ArrayList.forEach(ArrayList.java:1511)
... Removed 36 stack frames]]>
    </failure>
  </testcase> <!-- @BeforeMethod setup -->
  <testcase classname="abcdefg.aprilpractiveframewrok.Registration" name="@AfterMethod teardoen" time="0.0">
    <skipped/>
  </testcase> <!-- @AfterMethod teardoen -->
  <testcase classname="abcdefg.aprilpractiveframewrok.Registration" name="@BeforeMethod setup" time="0.0">
    <skipped/>
  </testcase> <!-- @BeforeMethod setup -->
  <testcase classname="abcdefg.aprilpractiveframewrok.Registration" name="@AfterMethod teardoen" time="0.0">
    <skipped/>
  </testcase> <!-- @AfterMethod teardoen -->
  <testcase classname="abcdefg.aprilpractiveframewrok.Registration" name="@BeforeMethod setup" time="0.0">
    <skipped/>
  </testcase> <!-- @BeforeMethod setup -->
  <testcase classname="abcdefg.aprilpractiveframewrok.Registration" name="@AfterMethod teardoen" time="0.0">
    <skipped/>
  </testcase> <!-- @AfterMethod teardoen -->
  <testcase classname="abcdefg.aprilpractiveframewrok.Registration" name="@BeforeMethod setup" time="0.0">
    <skipped/>
  </testcase> <!-- @BeforeMethod setup -->
  <testcase classname="abcdefg.aprilpractiveframewrok.Registration" name="@AfterMethod teardoen" time="0.0">
    <skipped/>
  </testcase> <!-- @AfterMethod teardoen -->
  <testcase classname="abcdefg.aprilpractiveframewrok.Registration" name="@BeforeMethod setup" time="0.0">
    <skipped/>
  </testcase> <!-- @BeforeMethod setup -->
  <testcase classname="abcdefg.aprilpractiveframewrok.Registration" name="@AfterMethod teardoen" time="0.0">
    <skipped/>
  </testcase> <!-- @AfterMethod teardoen -->
  <testcase classname="abcdefg.aprilpractiveframewrok.Registration" name="@BeforeMethod setup" time="0.0">
    <skipped/>
  </testcase> <!-- @BeforeMethod setup -->
  <testcase classname="abcdefg.aprilpractiveframewrok.Registration" name="@AfterMethod teardoen" time="0.0">
    <skipped/>
  </testcase> <!-- @AfterMethod teardoen -->
  <testcase classname="abcdefg.aprilpractiveframewrok.Registration" name="@BeforeMethod setup" time="0.0">
    <skipped/>
  </testcase> <!-- @BeforeMethod setup -->
  <testcase classname="abcdefg.aprilpractiveframewrok.Registration" name="@AfterMethod teardoen" time="0.0">
    <skipped/>
  </testcase> <!-- @AfterMethod teardoen -->
  <testcase classname="abcdefg.aprilpractiveframewrok.Registration" name="@BeforeMethod setup" time="0.0">
    <skipped/>
  </testcase> <!-- @BeforeMethod setup -->
  <testcase classname="abcdefg.aprilpractiveframewrok.Registration" name="@AfterMethod teardoen" time="0.0">
    <skipped/>
  </testcase> <!-- @AfterMethod teardoen -->
  <testcase classname="abcdefg.aprilpractiveframewrok.Registration" name="createRegistration" time="0.0">
    <skipped/>
  </testcase> <!-- createRegistration -->
  <testcase classname="abcdefg.aprilpractiveframewrok.Registration" name="registerwithMandatoryFields" time="0.0">
    <skipped/>
  </testcase> <!-- registerwithMandatoryFields -->
  <testcase classname="abcdefg.aprilpractiveframewrok.Registration" name="registerWithoutinputdata" time="0.0">
    <skipped/>
  </testcase> <!-- registerWithoutinputdata -->
  <testcase classname="abcdefg.aprilpractiveframewrok.Registration" name="duplicateEmailid" time="0.0">
    <skipped/>
  </testcase> <!-- duplicateEmailid -->
  <testcase classname="abcdefg.aprilpractiveframewrok.Registration" name="registerwithwrongconfirmpassword" time="0.0">
    <skipped/>
  </testcase> <!-- registerwithwrongconfirmpassword -->
  <testcase classname="abcdefg.aprilpractiveframewrok.Registration" name="registerwithInvalidEmailAddress" time="0.0">
    <skipped/>
  </testcase> <!-- registerwithInvalidEmailAddress -->
  <testcase classname="abcdefg.aprilpractiveframewrok.Registration" name="below4passwordcharecters" time="0.0">
    <skipped/>
  </testcase> <!-- below4passwordcharecters -->
  <testcase classname="abcdefg.aprilpractiveframewrok.Registration" name="registerwithoutPrivacypolicy" time="0.0">
    <skipped/>
  </testcase> <!-- registerwithoutPrivacypolicy -->
</testsuite> <!-- Test3 -->
